<?xml version="1.0" encoding="UTF-8"?>
<!-- Generated by org.testng.reporters.JUnitReportReporter -->
<testsuite hostname="LAPTOP-GA2PV6SN" failures="0" tests="2" name="gitbashdemo.Demo2Test" time="0.002" errors="0" timestamp="2023-03-10T16:10:09 IST" skipped="0">
  <testcase classname="gitbashdemo.Demo2Test" name="test1" time="0.001"/>
  <system-out/>
  <testcase classname="gitbashdemo.Demo2Test" name="test2" time="0.001"/>
  <system-out/>
</testsuite> <!-- gitbashdemo.Demo2Test -->
