<?xml version="1.0" encoding="UTF-8"?>
<!-- Generated by org.testng.reporters.JUnitReportReporter -->
<testsuite hostname="LAPTOP-GA2PV6SN" failures="0" tests="2" name="gitbashdemo.DemoTest" time="0.009" errors="0" timestamp="2023-03-10T15:12:27 IST" skipped="0">
  <testcase classname="gitbashdemo.DemoTest" name="test2" time="0.001"/>
  <system-out/>
  <testcase classname="gitbashdemo.DemoTest" name="test1" time="0.008"/>
  <system-out/>
</testsuite> <!-- gitbashdemo.DemoTest -->
